
*** Running vivado
    with args -log design_1_demodulation_AM_0_0.vds -m64 -product Vivado -mode batch -messageDb vivado.pb -notrace -source design_1_demodulation_AM_0_0.tcl



****** Vivado v2022.2 (64-bit)
  **** SW Build 3671981 on Fri Oct 14 05:00:03 MDT 2022
  **** IP Build 3669848 on Fri Oct 14 08:30:02 MDT 2022
    ** Copyright 1986-2022 Xilinx, Inc. All Rights Reserved.

source design_1_demodulation_AM_0_0.tcl -notrace
INFO: [IP_Flow 19-234] Refreshing IP repositories
INFO: [IP_Flow 19-1704] No user IP repositories specified
INFO: [IP_Flow 19-2313] Loaded Vivado IP repository 'D:/Coding/Vivado/Xilinx/Vivado/2022.2/data/ip'.
Command: synth_design -top design_1_demodulation_AM_0_0 -part xc7z020clg400-1 -incremental_mode off -mode out_of_context
Starting synth_design
Attempting to get a license for feature 'Synthesis' and/or device 'xc7z020'
INFO: [Common 17-349] Got license for feature 'Synthesis' and/or device 'xc7z020'
INFO: [Device 21-403] Loading part xc7z020clg400-1
INFO: [Synth 8-7079] Multithreading enabled for synth_design using a maximum of 2 processes.
INFO: [Synth 8-7078] Launching helper process for spawning children vivado processes
INFO: [Synth 8-7075] Helper process launched with PID 22356
INFO: [Synth 8-11241] undeclared symbol 'REGCCE', assumed default net type 'wire' [D:/Coding/Vivado/Xilinx/Vivado/2022.2/data/verilog/src/unimacro/BRAM_SINGLE_MACRO.v:2170]
WARNING: [Synth 8-6901] identifier 'N' is used before its declaration [D:/Coding/Vivado/project/project_23H/project_2PSK_3/project_2PSK_3.srcs/sources_1/new/cyometer.v:10]
INFO: [Synth 8-11241] undeclared symbol 'abs_data', assumed default net type 'wire' [D:/Coding/Vivado/project/project_23H/project_2PSK_3/project_2PSK_3.srcs/sources_1/new/demod.v:50]
---------------------------------------------------------------------------------
Starting RTL Elaboration : Time (s): cpu = 00:00:03 ; elapsed = 00:00:03 . Memory (MB): peak = 1226.301 ; gain = 405.324
---------------------------------------------------------------------------------
INFO: [Synth 8-6157] synthesizing module 'design_1_demodulation_AM_0_0' [d:/Coding/Vivado/project/project_23H/project_2PSK_3/project_2PSK_3.gen/sources_1/bd/design_1/ip/design_1_demodulation_AM_0_0/synth/design_1_demodulation_AM_0_0.v:53]
INFO: [Synth 8-6157] synthesizing module 'demodulation_AM' [D:/Coding/Vivado/project/project_23H/project_2PSK_3/project_2PSK_3.srcs/sources_1/new/demodulation_AM_2ASK.v:3]
INFO: [Synth 8-6157] synthesizing module 'clk_wiz_0' [D:/Coding/Vivado/project/project_23H/project_2PSK_3/project_2PSK_3.runs/design_1_demodulation_AM_0_0_synth_1/.Xil/Vivado-28732-ChaelChael/realtime/clk_wiz_0_stub.v:5]
INFO: [Synth 8-6155] done synthesizing module 'clk_wiz_0' (0#1) [D:/Coding/Vivado/project/project_23H/project_2PSK_3/project_2PSK_3.runs/design_1_demodulation_AM_0_0_synth_1/.Xil/Vivado-28732-ChaelChael/realtime/clk_wiz_0_stub.v:5]
INFO: [Synth 8-6157] synthesizing module 'cymometer_equal' [D:/Coding/Vivado/project/project_23H/project_2PSK_3/project_2PSK_3.srcs/sources_1/new/cyometer.v:6]
INFO: [Synth 8-6155] done synthesizing module 'cymometer_equal' (0#1) [D:/Coding/Vivado/project/project_23H/project_2PSK_3/project_2PSK_3.srcs/sources_1/new/cyometer.v:6]
INFO: [Synth 8-6157] synthesizing module 'clk_div' [D:/Coding/Vivado/project/project_23H/project_2PSK_3/project_2PSK_3.srcs/sources_1/new/clk_prescale.v:23]
INFO: [Synth 8-6155] done synthesizing module 'clk_div' (0#1) [D:/Coding/Vivado/project/project_23H/project_2PSK_3/project_2PSK_3.srcs/sources_1/new/clk_prescale.v:23]
INFO: [Synth 8-6157] synthesizing module 'AM_demodulation' [D:/Coding/Vivado/project/project_23H/project_2PSK_3/project_2PSK_3.srcs/sources_1/new/demod.v:23]
INFO: [Synth 8-6157] synthesizing module 'fir_compiler_0' [D:/Coding/Vivado/project/project_23H/project_2PSK_3/project_2PSK_3.runs/design_1_demodulation_AM_0_0_synth_1/.Xil/Vivado-28732-ChaelChael/realtime/fir_compiler_0_stub.v:5]
INFO: [Synth 8-6155] done synthesizing module 'fir_compiler_0' (0#1) [D:/Coding/Vivado/project/project_23H/project_2PSK_3/project_2PSK_3.runs/design_1_demodulation_AM_0_0_synth_1/.Xil/Vivado-28732-ChaelChael/realtime/fir_compiler_0_stub.v:5]
INFO: [Synth 8-6157] synthesizing module 'fir_compiler_high' [D:/Coding/Vivado/project/project_23H/project_2PSK_3/project_2PSK_3.runs/design_1_demodulation_AM_0_0_synth_1/.Xil/Vivado-28732-ChaelChael/realtime/fir_compiler_high_stub.v:5]
INFO: [Synth 8-6155] done synthesizing module 'fir_compiler_high' (0#1) [D:/Coding/Vivado/project/project_23H/project_2PSK_3/project_2PSK_3.runs/design_1_demodulation_AM_0_0_synth_1/.Xil/Vivado-28732-ChaelChael/realtime/fir_compiler_high_stub.v:5]
INFO: [Synth 8-6155] done synthesizing module 'AM_demodulation' (0#1) [D:/Coding/Vivado/project/project_23H/project_2PSK_3/project_2PSK_3.srcs/sources_1/new/demod.v:23]
INFO: [Synth 8-6155] done synthesizing module 'demodulation_AM' (0#1) [D:/Coding/Vivado/project/project_23H/project_2PSK_3/project_2PSK_3.srcs/sources_1/new/demodulation_AM_2ASK.v:3]
INFO: [Synth 8-6155] done synthesizing module 'design_1_demodulation_AM_0_0' (0#1) [d:/Coding/Vivado/project/project_23H/project_2PSK_3/project_2PSK_3.gen/sources_1/bd/design_1/ip/design_1_demodulation_AM_0_0/synth/design_1_demodulation_AM_0_0.v:53]
WARNING: [Synth 8-7129] Port am_mod_data[14] in module AM_demodulation is either unconnected or has no load
WARNING: [Synth 8-7129] Port am_mod_data[13] in module AM_demodulation is either unconnected or has no load
WARNING: [Synth 8-7129] Port am_mod_data[12] in module AM_demodulation is either unconnected or has no load
WARNING: [Synth 8-7129] Port am_mod_data[11] in module AM_demodulation is either unconnected or has no load
WARNING: [Synth 8-7129] Port am_mod_data[10] in module AM_demodulation is either unconnected or has no load
WARNING: [Synth 8-7129] Port am_mod_data[9] in module AM_demodulation is either unconnected or has no load
WARNING: [Synth 8-7129] Port am_mod_data[8] in module AM_demodulation is either unconnected or has no load
WARNING: [Synth 8-7129] Port am_mod_data[7] in module AM_demodulation is either unconnected or has no load
WARNING: [Synth 8-7129] Port am_mod_data[6] in module AM_demodulation is either unconnected or has no load
WARNING: [Synth 8-7129] Port am_mod_data[5] in module AM_demodulation is either unconnected or has no load
WARNING: [Synth 8-7129] Port am_mod_data[4] in module AM_demodulation is either unconnected or has no load
WARNING: [Synth 8-7129] Port am_mod_data[3] in module AM_demodulation is either unconnected or has no load
WARNING: [Synth 8-7129] Port am_mod_data[2] in module AM_demodulation is either unconnected or has no load
WARNING: [Synth 8-7129] Port am_mod_data[1] in module AM_demodulation is either unconnected or has no load
---------------------------------------------------------------------------------
Finished RTL Elaboration : Time (s): cpu = 00:00:04 ; elapsed = 00:00:04 . Memory (MB): peak = 1321.043 ; gain = 500.066
---------------------------------------------------------------------------------
---------------------------------------------------------------------------------
Start Handling Custom Attributes
---------------------------------------------------------------------------------
---------------------------------------------------------------------------------
Finished Handling Custom Attributes : Time (s): cpu = 00:00:04 ; elapsed = 00:00:04 . Memory (MB): peak = 1321.043 ; gain = 500.066
---------------------------------------------------------------------------------
---------------------------------------------------------------------------------
Finished RTL Optimization Phase 1 : Time (s): cpu = 00:00:04 ; elapsed = 00:00:04 . Memory (MB): peak = 1321.043 ; gain = 500.066
---------------------------------------------------------------------------------
Netlist sorting complete. Time (s): cpu = 00:00:00 ; elapsed = 00:00:00.003 . Memory (MB): peak = 1321.043 ; gain = 0.000
INFO: [Project 1-570] Preparing netlist for logic optimization

Processing XDC Constraints
Initializing timing engine
Parsing XDC File [d:/Coding/Vivado/project/project_23H/project_2PSK_3/project_2PSK.gen/sources_1/ip/fir_compiler_high/fir_compiler_high/fir_compiler_high_in_context.xdc] for cell 'inst/u_am_demod/fir_high'
Finished Parsing XDC File [d:/Coding/Vivado/project/project_23H/project_2PSK_3/project_2PSK.gen/sources_1/ip/fir_compiler_high/fir_compiler_high/fir_compiler_high_in_context.xdc] for cell 'inst/u_am_demod/fir_high'
Parsing XDC File [d:/Coding/Vivado/project/project_23H/project_2PSK_3/project_2PSK.gen/sources_1/ip/fir_compiler_0/fir_compiler_0/fir_compiler_0_in_context.xdc] for cell 'inst/u_am_demod/u_am_demod_lpf'
Finished Parsing XDC File [d:/Coding/Vivado/project/project_23H/project_2PSK_3/project_2PSK.gen/sources_1/ip/fir_compiler_0/fir_compiler_0/fir_compiler_0_in_context.xdc] for cell 'inst/u_am_demod/u_am_demod_lpf'
Parsing XDC File [d:/Coding/Vivado/project/project_23H/project_2PSK_3/project_2PSK.gen/sources_1/ip/clk_wiz_0/clk_wiz_0/clk_wiz_0_in_context.xdc] for cell 'inst/u_clk'
Finished Parsing XDC File [d:/Coding/Vivado/project/project_23H/project_2PSK_3/project_2PSK.gen/sources_1/ip/clk_wiz_0/clk_wiz_0/clk_wiz_0_in_context.xdc] for cell 'inst/u_clk'
Parsing XDC File [D:/Coding/Vivado/project/project_23H/project_2PSK_3/project_2PSK_3.runs/design_1_demodulation_AM_0_0_synth_1/dont_touch.xdc]
Finished Parsing XDC File [D:/Coding/Vivado/project/project_23H/project_2PSK_3/project_2PSK_3.runs/design_1_demodulation_AM_0_0_synth_1/dont_touch.xdc]
Completed Processing XDC Constraints

Netlist sorting complete. Time (s): cpu = 00:00:00 ; elapsed = 00:00:00.001 . Memory (MB): peak = 1381.238 ; gain = 0.000
INFO: [Project 1-111] Unisim Transformation Summary:
No Unisim elements were transformed.

Constraint Validation Runtime : Time (s): cpu = 00:00:00 ; elapsed = 00:00:00.014 . Memory (MB): peak = 1381.812 ; gain = 0.574
INFO: [Designutils 20-5008] Incremental synthesis strategy off
INFO: [Synth 8-11241] undeclared symbol 'REGCCE', assumed default net type 'wire' [D:/Coding/Vivado/Xilinx/Vivado/2022.2/data/verilog/src/unimacro/BRAM_SINGLE_MACRO.v:2170]
---------------------------------------------------------------------------------
Finished Constraint Validation : Time (s): cpu = 00:00:08 ; elapsed = 00:00:09 . Memory (MB): peak = 1381.812 ; gain = 560.836
---------------------------------------------------------------------------------
---------------------------------------------------------------------------------
Start Loading Part and Timing Information
---------------------------------------------------------------------------------
Loading part: xc7z020clg400-1
---------------------------------------------------------------------------------
Finished Loading Part and Timing Information : Time (s): cpu = 00:00:08 ; elapsed = 00:00:09 . Memory (MB): peak = 1381.812 ; gain = 560.836
---------------------------------------------------------------------------------
---------------------------------------------------------------------------------
Start Applying 'set_property' XDC Constraints
---------------------------------------------------------------------------------
Applied set_property IO_BUFFER_TYPE = NONE for clk_100m. (constraint file  d:/Coding/Vivado/project/project_23H/project_2PSK_3/project_2PSK.gen/sources_1/ip/clk_wiz_0/clk_wiz_0/clk_wiz_0_in_context.xdc, line 4).
Applied set_property CLOCK_BUFFER_TYPE = NONE for clk_100m. (constraint file  d:/Coding/Vivado/project/project_23H/project_2PSK_3/project_2PSK.gen/sources_1/ip/clk_wiz_0/clk_wiz_0/clk_wiz_0_in_context.xdc, line 5).
Applied set_property KEEP_HIERARCHY = SOFT for inst/u_am_demod/fir_high. (constraint file  auto generated constraint).
Applied set_property KEEP_HIERARCHY = SOFT for inst/u_am_demod/u_am_demod_lpf. (constraint file  auto generated constraint).
Applied set_property KEEP_HIERARCHY = SOFT for inst/u_clk. (constraint file  auto generated constraint).
---------------------------------------------------------------------------------
Finished applying 'set_property' XDC Constraints : Time (s): cpu = 00:00:08 ; elapsed = 00:00:09 . Memory (MB): peak = 1381.812 ; gain = 560.836
---------------------------------------------------------------------------------
---------------------------------------------------------------------------------
Finished RTL Optimization Phase 2 : Time (s): cpu = 00:00:09 ; elapsed = 00:00:09 . Memory (MB): peak = 1381.812 ; gain = 560.836
---------------------------------------------------------------------------------
---------------------------------------------------------------------------------
Start RTL Component Statistics 
---------------------------------------------------------------------------------
Detailed RTL Component Info : 
+---Adders : 
	   2 Input   16 Bit       Adders := 1     
	   2 Input    9 Bit       Adders := 1     
	   2 Input    1 Bit       Adders := 1     
+---Registers : 
	               64 Bit    Registers := 2     
	               32 Bit    Registers := 2     
	               16 Bit    Registers := 1     
	               10 Bit    Registers := 1     
	                1 Bit    Registers := 8     
+---Multipliers : 
	              27x32  Multipliers := 1     
+---Muxes : 
	   2 Input   16 Bit        Muxes := 1     
	   2 Input    9 Bit        Muxes := 1     
	   3 Input    1 Bit        Muxes := 1     
	   2 Input    1 Bit        Muxes := 4     
---------------------------------------------------------------------------------
Finished RTL Component Statistics 
---------------------------------------------------------------------------------
---------------------------------------------------------------------------------
Start Part Resource Summary
---------------------------------------------------------------------------------
Part Resources:
DSPs: 220 (col length:60)
BRAMs: 280 (col length: RAMB18 60 RAMB36 30)
---------------------------------------------------------------------------------
Finished Part Resource Summary
---------------------------------------------------------------------------------
---------------------------------------------------------------------------------
Start Cross Boundary and Area Optimization
---------------------------------------------------------------------------------
WARNING: [Synth 8-7080] Parallel synthesis criteria is not met
DSP Report: Generating DSP fre1, operation Mode is: A*B.
DSP Report: operator fre1 is absorbed into DSP fre1.
DSP Report: operator fre1 is absorbed into DSP fre1.
DSP Report: Generating DSP fre1, operation Mode is: (PCIN>>17)+A*B.
DSP Report: operator fre1 is absorbed into DSP fre1.
DSP Report: operator fre1 is absorbed into DSP fre1.
DSP Report: Generating DSP fre1, operation Mode is: (A:0x1e100)*B.
DSP Report: operator fre1 is absorbed into DSP fre1.
DSP Report: operator fre1 is absorbed into DSP fre1.
DSP Report: Generating DSP fre1, operation Mode is: (PCIN>>17)+(A:0x1e100)*B.
DSP Report: operator fre1 is absorbed into DSP fre1.
DSP Report: operator fre1 is absorbed into DSP fre1.
---------------------------------------------------------------------------------
Finished Cross Boundary and Area Optimization : Time (s): cpu = 00:00:11 ; elapsed = 00:00:11 . Memory (MB): peak = 1381.812 ; gain = 560.836
---------------------------------------------------------------------------------
---------------------------------------------------------------------------------
Start ROM, RAM, DSP, Shift Register and Retiming Reporting
---------------------------------------------------------------------------------

DSP: Preliminary Mapping Report (see note below. The ' indicates corresponding REG is set)
+----------------+--------------------------+--------+--------+--------+--------+--------+------+------+------+------+-------+------+------+
|Module Name     | DSP Mapping              | A Size | B Size | C Size | D Size | P Size | AREG | BREG | CREG | DREG | ADREG | MREG | PREG | 
+----------------+--------------------------+--------+--------+--------+--------+--------+------+------+------+------+-------+------+------+
|cymometer_equal | A*B                      | 18     | 11     | -      | -      | 48     | 0    | 0    | -    | -    | -     | 0    | 0    | 
|cymometer_equal | (PCIN>>17)+A*B           | 16     | 11     | -      | -      | 48     | 0    | 0    | -    | -    | -     | 0    | 0    | 
|cymometer_equal | (A:0x1e100)*B            | 18     | 18     | -      | -      | 48     | 0    | 0    | -    | -    | -     | 0    | 0    | 
|cymometer_equal | (PCIN>>17)+(A:0x1e100)*B | 18     | 16     | -      | -      | 48     | 0    | 0    | -    | -    | -     | 0    | 0    | 
+----------------+--------------------------+--------+--------+--------+--------+--------+------+------+------+------+-------+------+------+

Note: The table above is a preliminary report that shows the DSPs inferred at the current stage of the synthesis flow. Some DSP may be reimplemented as non DSP primitives later in the synthesis flow. Multiple instantiated DSPs are reported only once.
---------------------------------------------------------------------------------
Finished ROM, RAM, DSP, Shift Register and Retiming Reporting
---------------------------------------------------------------------------------
---------------------------------------------------------------------------------
Start Applying XDC Timing Constraints
---------------------------------------------------------------------------------
---------------------------------------------------------------------------------
Finished Applying XDC Timing Constraints : Time (s): cpu = 00:00:16 ; elapsed = 00:00:17 . Memory (MB): peak = 1381.812 ; gain = 560.836
---------------------------------------------------------------------------------
---------------------------------------------------------------------------------
Start Timing Optimization
---------------------------------------------------------------------------------
---------------------------------------------------------------------------------
Finished Timing Optimization : Time (s): cpu = 00:00:16 ; elapsed = 00:00:17 . Memory (MB): peak = 1385.855 ; gain = 564.879
---------------------------------------------------------------------------------
---------------------------------------------------------------------------------
Start Technology Mapping
---------------------------------------------------------------------------------
---------------------------------------------------------------------------------
Finished Technology Mapping : Time (s): cpu = 00:00:17 ; elapsed = 00:00:18 . Memory (MB): peak = 1395.406 ; gain = 574.430
---------------------------------------------------------------------------------
---------------------------------------------------------------------------------
Start IO Insertion
---------------------------------------------------------------------------------
---------------------------------------------------------------------------------
Start Flattening Before IO Insertion
---------------------------------------------------------------------------------
---------------------------------------------------------------------------------
Finished Flattening Before IO Insertion
---------------------------------------------------------------------------------
---------------------------------------------------------------------------------
Start Final Netlist Cleanup
---------------------------------------------------------------------------------
---------------------------------------------------------------------------------
Finished Final Netlist Cleanup
---------------------------------------------------------------------------------
---------------------------------------------------------------------------------
Finished IO Insertion : Time (s): cpu = 00:00:19 ; elapsed = 00:00:20 . Memory (MB): peak = 1404.758 ; gain = 583.781
---------------------------------------------------------------------------------
---------------------------------------------------------------------------------
Start Renaming Generated Instances
---------------------------------------------------------------------------------
---------------------------------------------------------------------------------
Finished Renaming Generated Instances : Time (s): cpu = 00:00:19 ; elapsed = 00:00:20 . Memory (MB): peak = 1404.758 ; gain = 583.781
---------------------------------------------------------------------------------
---------------------------------------------------------------------------------
Start Rebuilding User Hierarchy
---------------------------------------------------------------------------------
---------------------------------------------------------------------------------
Finished Rebuilding User Hierarchy : Time (s): cpu = 00:00:19 ; elapsed = 00:00:20 . Memory (MB): peak = 1404.758 ; gain = 583.781
---------------------------------------------------------------------------------
---------------------------------------------------------------------------------
Start Renaming Generated Ports
---------------------------------------------------------------------------------
---------------------------------------------------------------------------------
Finished Renaming Generated Ports : Time (s): cpu = 00:00:19 ; elapsed = 00:00:20 . Memory (MB): peak = 1404.758 ; gain = 583.781
---------------------------------------------------------------------------------
---------------------------------------------------------------------------------
Start Handling Custom Attributes
---------------------------------------------------------------------------------
---------------------------------------------------------------------------------
Finished Handling Custom Attributes : Time (s): cpu = 00:00:19 ; elapsed = 00:00:20 . Memory (MB): peak = 1404.758 ; gain = 583.781
---------------------------------------------------------------------------------
---------------------------------------------------------------------------------
Start Renaming Generated Nets
---------------------------------------------------------------------------------
---------------------------------------------------------------------------------
Finished Renaming Generated Nets : Time (s): cpu = 00:00:19 ; elapsed = 00:00:20 . Memory (MB): peak = 1404.758 ; gain = 583.781
---------------------------------------------------------------------------------
---------------------------------------------------------------------------------
Start Writing Synthesis Report
---------------------------------------------------------------------------------

DSP Final Report (the ' indicates corresponding REG is set)
+----------------+--------------+--------+--------+--------+--------+--------+------+------+------+------+-------+------+------+
|Module Name     | DSP Mapping  | A Size | B Size | C Size | D Size | P Size | AREG | BREG | CREG | DREG | ADREG | MREG | PREG | 
+----------------+--------------+--------+--------+--------+--------+--------+------+------+------+------+-------+------+------+
|cymometer_equal | A*B          | 17     | 10     | -      | -      | 48     | 0    | 0    | -    | -    | -     | 0    | 0    | 
|cymometer_equal | PCIN>>17+A*B | 15     | 0      | -      | -      | 48     | 0    | 0    | -    | -    | -     | 0    | 0    | 
|cymometer_equal | A*B          | 17     | 17     | -      | -      | 48     | 0    | 0    | -    | -    | -     | 0    | 0    | 
|cymometer_equal | PCIN>>17+A*B | 0      | 15     | -      | -      | 48     | 0    | 0    | -    | -    | -     | 0    | 0    | 
+----------------+--------------+--------+--------+--------+--------+--------+------+------+------+------+-------+------+------+


Report BlackBoxes: 
+------+------------------+----------+
|      |BlackBox name     |Instances |
+------+------------------+----------+
|1     |clk_wiz_0         |         1|
|2     |fir_compiler_0    |         1|
|3     |fir_compiler_high |         1|
+------+------------------+----------+

Report Cell Usage: 
+------+------------------+------+
|      |Cell              |Count |
+------+------------------+------+
|1     |clk_wiz           |     1|
|2     |fir_compiler      |     1|
|3     |fir_compiler_high |     1|
|4     |CARRY4            |   562|
|5     |DSP48E1           |     4|
|6     |LUT1              |    65|
|7     |LUT2              |   167|
|8     |LUT3              |  1865|
|9     |LUT4              |     5|
|10    |LUT5              |     5|
|11    |LUT6              |    20|
|12    |FDCE              |   279|
+------+------------------+------+
---------------------------------------------------------------------------------
Finished Writing Synthesis Report : Time (s): cpu = 00:00:19 ; elapsed = 00:00:20 . Memory (MB): peak = 1404.758 ; gain = 583.781
---------------------------------------------------------------------------------
Synthesis finished with 0 errors, 0 critical warnings and 1 warnings.
Synthesis Optimization Runtime : Time (s): cpu = 00:00:14 ; elapsed = 00:00:19 . Memory (MB): peak = 1404.758 ; gain = 523.012
Synthesis Optimization Complete : Time (s): cpu = 00:00:19 ; elapsed = 00:00:20 . Memory (MB): peak = 1404.758 ; gain = 583.781
INFO: [Project 1-571] Translating synthesized netlist
Netlist sorting complete. Time (s): cpu = 00:00:00 ; elapsed = 00:00:00.013 . Memory (MB): peak = 1416.801 ; gain = 0.000
INFO: [Netlist 29-17] Analyzing 566 Unisim elements for replacement
INFO: [Netlist 29-28] Unisim Transformation completed in 0 CPU seconds
WARNING: [Netlist 29-101] Netlist 'design_1_demodulation_AM_0_0' is not ideal for floorplanning, since the cellview 'cymometer_equal' contains a large number of primitives.  Please consider enabling hierarchy in synthesis if you want to do floorplanning.
INFO: [Project 1-570] Preparing netlist for logic optimization
INFO: [Opt 31-138] Pushed 0 inverter(s) to 0 load pin(s).
Netlist sorting complete. Time (s): cpu = 00:00:00 ; elapsed = 00:00:00 . Memory (MB): peak = 1424.492 ; gain = 0.000
INFO: [Project 1-111] Unisim Transformation Summary:
No Unisim elements were transformed.

Synth Design complete, checksum: c7f768bd
INFO: [Common 17-83] Releasing license: Synthesis
37 Infos, 17 Warnings, 0 Critical Warnings and 0 Errors encountered.
synth_design completed successfully
synth_design: Time (s): cpu = 00:00:22 ; elapsed = 00:00:24 . Memory (MB): peak = 1424.492 ; gain = 1011.859
INFO: [Coretcl 2-1174] Renamed 7 cell refs.
INFO: [Common 17-1381] The checkpoint 'D:/Coding/Vivado/project/project_23H/project_2PSK_3/project_2PSK_3.runs/design_1_demodulation_AM_0_0_synth_1/design_1_demodulation_AM_0_0.dcp' has been generated.
INFO: [runtcl-4] Executing : report_utilization -file design_1_demodulation_AM_0_0_utilization_synth.rpt -pb design_1_demodulation_AM_0_0_utilization_synth.pb
INFO: [Common 17-206] Exiting Vivado at Sun Jul 20 15:50:16 2025...
